[    0.000000] Linux version 4.15.0-213-generic (buildd@lcy02-amd64-079) (gcc version 7.5.0 (Ubuntu 7.5.0-3ubuntu1~18.04)) #224-Ubuntu SMP Mon Jun 19 13:30:12 UTC 2023 (Ubuntu 4.15.0-213.224-generic 4.15.18)
[    0.000000] Command line: BOOT_IMAGE=/boot/vmlinuz-4.15.0-213-generic root=UUID=f685bb41-0e3b-40c4-89c1-eea0f0583525 ro console=tty1 console=ttyS0
[    0.000000] KERNEL supported cpus:
[    0.000000]   Intel GenuineIntel
[    0.000000]   AMD AuthenticAMD
[    0.000000]   Centaur CentaurHauls
[    0.000000] x86/fpu: Supporting XSAVE feature 0x001: 'x87 floating point registers'
[    0.000000] x86/fpu: Supporting XSAVE feature 0x002: 'SSE registers'
[    0.000000] x86/fpu: Supporting XSAVE feature 0x004: 'AVX registers'
[    0.000000] x86/fpu: xstate_offset[2]:  576, xstate_sizes[2]:  256
[    0.000000] x86/fpu: Enabled xstate features 0x7, context size is 832 bytes, using 'standard' format.
[    0.000000] e820: BIOS-provided physical RAM map:
[    0.000000] BIOS-e820: [mem 0x0000000000000000-0x000000000009fbff] usable
[    0.000000] BIOS-e820: [mem 0x000000000009fc00-0x000000000009ffff] reserved
[    0.000000] BIOS-e820: [mem 0x00000000000f0000-0x00000000000fffff] reserved
[    0.000000] BIOS-e820: [mem 0x0000000000100000-0x000000003ffeffff] usable
[    0.000000] BIOS-e820: [mem 0x000000003fff0000-0x000000003fffffff] ACPI data
[    0.000000] BIOS-e820: [mem 0x00000000fec00000-0x00000000fec00fff] reserved
[    0.000000] BIOS-e820: [mem 0x00000000fee00000-0x00000000fee00fff] reserved
[    0.000000] BIOS-e820: [mem 0x00000000fffc0000-0x00000000ffffffff] reserved
[    0.000000] NX (Execute Disable) protection: active
[    0.000000] SMBIOS 2.5 present.
[    0.000000] DMI: innotek GmbH VirtualBox/VirtualBox, BIOS VirtualBox 12/01/2006
[    0.000000] Hypervisor detected: KVM
[    0.000000] e820: last_pfn = 0x3fff0 max_arch_pfn = 0x400000000
[    0.000000] MTRR: Disabled
[    0.000000] x86/PAT: MTRRs disabled, skipping PAT initialization too.
[    0.000000] CPU MTRRs all blank - virtualized system.
[    0.000000] x86/PAT: Configuration [0-7]: WB  WT  UC- UC  WB  WT  UC- UC  
[    0.000000] found SMP MP-table at [mem 0x0009fff0-0x0009ffff]
[    0.000000] Scanning 1 areas for low memory corruption
[    0.000000] RAMDISK: [mem 0x35819000-0x36c03fff]
[    0.000000] ACPI: Early table checksum verification disabled
[    0.000000] ACPI: RSDP 0x00000000000E0000 000024 (v02 VBOX  )
[    0.000000] ACPI: XSDT 0x000000003FFF0030 00003C (v01 VBOX   VBOXXSDT 00000001 ASL  00000061)
[    0.000000] ACPI: FACP 0x000000003FFF00F0 0000F4 (v04 VBOX   VBOXFACP 00000001 ASL  00000061)
[    0.000000] ACPI: DSDT 0x000000003FFF0610 002353 (v02 VBOX   VBOXBIOS 00000002 INTL 20100528)
[    0.000000] ACPI: FACS 0x000000003FFF0200 000040
[    0.000000] ACPI: FACS 0x000000003FFF0200 000040
[    0.000000] ACPI: APIC 0x000000003FFF0240 00005C (v02 VBOX   VBOXAPIC 00000001 ASL  00000061)
[    0.000000] ACPI: SSDT 0x000000003FFF02A0 00036C (v01 VBOX   VBOXCPUT 00000002 INTL 20100528)
[    0.000000] ACPI: Reserving FACP table memory at [mem 0x3fff00f0-0x3fff01e3]
[    0.000000] ACPI: Reserving DSDT table memory at [mem 0x3fff0610-0x3fff2962]
[    0.000000] ACPI: Reserving FACS table memory at [mem 0x3fff0200-0x3fff023f]
[    0.000000] ACPI: Reserving FACS table memory at [mem 0x3fff0200-0x3fff023f]
[    0.000000] ACPI: Reserving APIC table memory at [mem 0x3fff0240-0x3fff029b]
[    0.000000] ACPI: Reserving SSDT table memory at [mem 0x3fff02a0-0x3fff060b]
[    0.000000] No NUMA configuration found
[    0.000000] Faking a node at [mem 0x0000000000000000-0x000000003ffeffff]
[    0.000000] NODE_DATA(0) allocated [mem 0x3ffc5000-0x3ffeffff]
[    0.000000] kvm-clock: cpu 0, msr 0:3ff44001, primary cpu clock
[    0.000000] kvm-clock: Using msrs 4b564d01 and 4b564d00
[    0.000000] kvm-clock: using sched offset of 3339976607 cycles
[    0.000000] clocksource: kvm-clock: mask: 0xffffffffffffffff max_cycles: 0x1cd42e4dffb, max_idle_ns: 881590591483 ns
[    0.000000] Zone ranges:
[    0.000000]   DMA      [mem 0x0000000000001000-0x0000000000ffffff]
[    0.000000]   DMA32    [mem 0x0000000001000000-0x000000003ffeffff]
[    0.000000]   Normal   empty
[    0.000000]   Device   empty
[    0.000000] Movable zone start for each node
[    0.000000] Early memory node ranges
[    0.000000]   node   0: [mem 0x0000000000001000-0x000000000009efff]
[    0.000000]   node   0: [mem 0x0000000000100000-0x000000003ffeffff]
[    0.000000] Reserved but unavailable: 104 pages
[    0.000000] Initmem setup node 0 [mem 0x0000000000001000-0x000000003ffeffff]
[    0.000000] ACPI: PM-Timer IO Port: 0x4008
[    0.000000] IOAPIC[0]: apic_id 2, version 32, address 0xfec00000, GSI 0-23
[    0.000000] ACPI: INT_SRC_OVR (bus 0 bus_irq 0 global_irq 2 dfl dfl)
[    0.000000] ACPI: INT_SRC_OVR (bus 0 bus_irq 9 global_irq 9 low level)
[    0.000000] Using ACPI (MADT) for SMP configuration information
[    0.000000] smpboot: Allowing 2 CPUs, 0 hotplug CPUs
[    0.000000] PM: Registered nosave memory: [mem 0x00000000-0x00000fff]
[    0.000000] PM: Registered nosave memory: [mem 0x0009f000-0x0009ffff]
[    0.000000] PM: Registered nosave memory: [mem 0x000a0000-0x000effff]
[    0.000000] PM: Registered nosave memory: [mem 0x000f0000-0x000fffff]
[    0.000000] e820: [mem 0x40000000-0xfebfffff] available for PCI devices
[    0.000000] Booting paravirtualized kernel on KVM
[    0.000000] clocksource: refined-jiffies: mask: 0xffffffff max_cycles: 0xffffffff, max_idle_ns: 7645519600211568 ns
[    0.000000] setup_percpu: NR_CPUS:8192 nr_cpumask_bits:2 nr_cpu_ids:2 nr_node_ids:1
[    0.000000] percpu: Embedded 50 pages/cpu s167936 r8192 d28672 u1048576
[    0.000000] PV qspinlock hash table entries: 256 (order: 0, 4096 bytes)
[    0.000000] Built 1 zonelists, mobility grouping on.  Total pages: 257913
[    0.000000] Policy zone: DMA32
[    0.000000] Kernel command line: BOOT_IMAGE=/boot/vmlinuz-4.15.0-213-generic root=UUID=f685bb41-0e3b-40c4-89c1-eea0f0583525 ro console=tty1 console=ttyS0
[    0.000000] Memory: 981776K/1048120K available (12300K kernel code, 2477K rwdata, 4324K rodata, 2480K init, 2720K bss, 66344K reserved, 0K cma-reserved)
[    0.000000] SLUB: HWalign=64, Order=0-3, MinObjects=0, CPUs=2, Nodes=1
[    0.000000] Kernel/User page tables isolation: enabled
[    0.000000] ftrace: allocating 39508 entries in 155 pages
[    0.004000] Hierarchical RCU implementation.
[    0.004000] 	RCU restricting CPUs from NR_CPUS=8192 to nr_cpu_ids=2.
[    0.004000] 	Tasks RCU enabled.
[    0.004000] RCU: Adjusting geometry for rcu_fanout_leaf=16, nr_cpu_ids=2
[    0.004000] NR_IRQS: 524544, nr_irqs: 440, preallocated irqs: 16
[    0.004000] random: crng init done
[    0.004000] Console: colour VGA+ 80x25
[    0.004000] console [tty1] enabled
[    0.004000] console [ttyS0] enabled
[    0.004000] ACPI: Core revision 20170831
[    0.004000] ACPI: 2 ACPI AML tables successfully acquired and loaded
[    0.004000] APIC: Switch to symmetric I/O mode setup
[    0.004000] x2apic enabled
[    0.004000] Switched APIC routing to physical x2apic.
[    0.004000] ..TIMER: vector=0x30 apic1=0 pin1=2 apic2=-1 pin2=-1
[    0.004004] tsc: Detected 2903.996 MHz processor
[    0.005032] Calibrating delay loop (skipped) preset value.. 5807.99 BogoMIPS (lpj=11615984)
[    0.008004] pid_max: default: 32768 minimum: 301
[    0.009072] Security Framework initialized
[    0.010217] Yama: becoming mindful.
[    0.012024] AppArmor: AppArmor initialized
[    0.016050] Dentry cache hash table entries: 131072 (order: 8, 1048576 bytes)
[    0.017447] Inode-cache hash table entries: 65536 (order: 7, 524288 bytes)
[    0.018864] Mount-cache hash table entries: 2048 (order: 2, 16384 bytes)
[    0.020000] Mountpoint-cache hash table entries: 2048 (order: 2, 16384 bytes)
[    0.020254] Last level iTLB entries: 4KB 64, 2MB 8, 4MB 8
[    0.021279] Last level dTLB entries: 4KB 64, 2MB 0, 4MB 0, 1GB 4
[    0.022564] Spectre V1 : Mitigation: usercopy/swapgs barriers and __user pointer sanitization
[    0.024003] Spectre V2 : Mitigation: Retpolines
[    0.024851] Spectre V2 : Spectre v2 / SpectreRSB mitigation: Filling RSB on context switch
[    0.026679] Spectre V2 : Spectre v2 / SpectreRSB : Filling RSB on VMEXIT
[    0.028003] RETBleed: WARNING: Spectre v2 mitigation leaves CPU vulnerable to RETBleed attacks, data leaks possible!
[    0.029930] RETBleed: Vulnerable
[    0.032002] Speculative Store Bypass: Vulnerable
[    0.033066] MDS: Mitigation: Clear CPU buffers
[    0.033918] MMIO Stale Data: Mitigation: Clear CPU buffers
[    0.034978] SRBDS: Unknown: Dependent on hypervisor status
[    0.036194] Freeing SMP alternatives memory: 36K
[    0.147922] smpboot: CPU0: Intel(R) Core(TM) i7-7500U CPU @ 2.70GHz (family: 0x6, model: 0x8e, stepping: 0x9)
[    0.148000] Performance Events: unsupported p6 CPU model 142 no PMU driver, software events only.
[    0.148028] Hierarchical SRCU implementation.
[    0.149949] NMI watchdog: Perf event create on CPU 0 failed with -2
[    0.151280] NMI watchdog: Perf NMI watchdog permanently disabled
[    0.152046] smp: Bringing up secondary CPUs ...
[    0.153039] x86: Booting SMP configuration:
[    0.153902] .... node  #0, CPUs:      #1
[    0.004000] kvm-clock: cpu 1, msr 0:3ff44041, secondary cpu clock
[    0.159291] smp: Brought up 1 node, 2 CPUs
[    0.160005] smpboot: Max logical packages: 1
[    0.160957] smpboot: Total of 2 processors activated (11615.98 BogoMIPS)
[    0.162492] devtmpfs: initialized
[    0.162492] x86/mm: Memory block size: 128MB
[    0.164153] evm: security.selinux
[    0.165050] evm: security.SMACK64
[    0.165824] evm: security.SMACK64EXEC
[    0.168004] evm: security.SMACK64TRANSMUTE
[    0.168854] evm: security.SMACK64MMAP
[    0.169880] evm: security.apparmor
[    0.170628] evm: security.ima
[    0.171557] evm: security.capability
[    0.172067] clocksource: jiffies: mask: 0xffffffff max_cycles: 0xffffffff, max_idle_ns: 7645041785100000 ns
[    0.173994] futex hash table entries: 512 (order: 3, 32768 bytes)
[    0.175388] pinctrl core: initialized pinctrl subsystem
[    0.178637] RTC time:  2:56:15, date: 07/13/23
[    0.180159] NET: Registered protocol family 16
[    0.181424] audit: initializing netlink subsys (disabled)
[    0.182599] audit: type=2000 audit(1689216980.049:1): state=initialized audit_enabled=0 res=1
[    0.184017] cpuidle: using governor ladder
[    0.184799] cpuidle: using governor menu
[    0.185703] ACPI: bus type PCI registered
[    0.188004] acpiphp: ACPI Hot Plug PCI Controller Driver version: 0.5
[    0.189662] PCI: Using configuration type 1 for base access
[    0.192392] HugeTLB registered 2.00 MiB page size, pre-allocated 0 pages
[    0.193381] ACPI: Added _OSI(Module Device)
[    0.193381] ACPI: Added _OSI(Processor Device)
[    0.193977] ACPI: Added _OSI(3.0 _SCP Extensions)
[    0.196005] ACPI: Added _OSI(Processor Aggregator Device)
[    0.197206] ACPI: Added _OSI(Linux-Dell-Video)
[    0.198306] ACPI: Added _OSI(Linux-Lenovo-NV-HDMI-Audio)
[    0.200003] ACPI: Added _OSI(Linux-HPI-Hybrid-Graphics)
[    0.201590] ACPI: Executed 1 blocks of module-level executable AML code
[    0.207205] ACPI: Interpreter enabled
[    0.208016] ACPI: (supports S0 S5)
[    0.208822] ACPI: Using IOAPIC for interrupt routing
[    0.210160] PCI: Using host bridge windows from ACPI; if necessary, use "pci=nocrs" and report a bug
[    0.212192] ACPI: Enabled 2 GPEs in block 00 to 07
[    0.221916] ACPI: PCI Root Bridge [PCI0] (domain 0000 [bus 00-ff])
[    0.223318] acpi PNP0A03:00: _OSC: OS supports [ASPM ClockPM Segments MSI]
[    0.224583] acpi PNP0A03:00: _OSC: not requesting OS control; OS requires [ExtendedConfig ASPM ClockPM MSI]
[    0.226724] acpi PNP0A03:00: fail to add MMCONFIG information, can't access extended PCI configuration space under this bridge.
[    0.228464] PCI host bridge to bus 0000:00
[    0.232004] pci_bus 0000:00: root bus resource [io  0x0000-0x0cf7 window]
[    0.233553] pci_bus 0000:00: root bus resource [io  0x0d00-0xffff window]
[    0.235056] pci_bus 0000:00: root bus resource [mem 0x000a0000-0x000bffff window]
[    0.236010] pci_bus 0000:00: root bus resource [mem 0x40000000-0xfdffffff window]
[    0.240010] pci_bus 0000:00: root bus resource [bus 00-ff]
[    0.245177] pci 0000:00:01.1: legacy IDE quirk: reg 0x10: [io  0x01f0-0x01f7]
[    0.247091] pci 0000:00:01.1: legacy IDE quirk: reg 0x14: [io  0x03f6]
[    0.248007] pci 0000:00:01.1: legacy IDE quirk: reg 0x18: [io  0x0170-0x0177]
[    0.249526] pci 0000:00:01.1: legacy IDE quirk: reg 0x1c: [io  0x0376]
[    0.268104] pci 0000:00:07.0: quirk: [io  0x4000-0x403f] claimed by PIIX4 ACPI
[    0.269821] pci 0000:00:07.0: quirk: [io  0x4100-0x410f] claimed by PIIX4 SMB
[    0.277357] ACPI: PCI Interrupt Link [LNKA] (IRQs 5 9 10 *11)
[    0.278876] ACPI: PCI Interrupt Link [LNKB] (IRQs 5 9 *10 11)
[    0.280087] ACPI: PCI Interrupt Link [LNKC] (IRQs 5 *9 10 11)
[    0.281368] ACPI: PCI Interrupt Link [LNKD] (IRQs 5 9 10 *11)
[    0.282863] SCSI subsystem initialized
[    0.284042] pci 0000:00:02.0: vgaarb: setting as boot VGA device
[    0.285219] pci 0000:00:02.0: vgaarb: VGA device added: decodes=io+mem,owns=io+mem,locks=none
[    0.286983] pci 0000:00:02.0: vgaarb: bridge control possible
[    0.288009] vgaarb: loaded
[    0.288844] ACPI: bus type USB registered
[    0.289693] usbcore: registered new interface driver usbfs
[    0.290716] usbcore: registered new interface driver hub
[    0.291751] usbcore: registered new device driver usb
[    0.292056] EDAC MC: Ver: 3.0.0
[    0.292877] PCI: Using ACPI for IRQ routing
[    0.293113] NetLabel: Initializing
[    0.293833] NetLabel:  domain hash size = 128
[    0.296007] NetLabel:  protocols = UNLABELED CIPSOv4 CALIPSO
[    0.297063] NetLabel:  unlabeled traffic allowed by default
[    0.298310] clocksource: Switched to clocksource kvm-clock
[    0.313730] VFS: Disk quotas dquot_6.6.0
[    0.314522] VFS: Dquot-cache hash table entries: 512 (order 0, 4096 bytes)
[    0.315992] AppArmor: AppArmor Filesystem Enabled
[    0.317142] pnp: PnP ACPI init
[    0.319013] pnp: PnP ACPI: found 3 devices
[    0.327989] clocksource: acpi_pm: mask: 0xffffff max_cycles: 0xffffff, max_idle_ns: 2085701024 ns
[    0.329805] NET: Registered protocol family 2
[    0.330679] IP idents hash table entries: 16384 (order: 5, 131072 bytes)
[    0.334612] TCP established hash table entries: 8192 (order: 4, 65536 bytes)
[    0.335911] TCP bind hash table entries: 8192 (order: 5, 131072 bytes)
[    0.337136] TCP: Hash tables configured (established 8192 bind 8192)
[    0.338300] UDP hash table entries: 512 (order: 2, 16384 bytes)
[    0.339367] UDP-Lite hash table entries: 512 (order: 2, 16384 bytes)
[    0.340537] NET: Registered protocol family 1
[    0.341361] pci 0000:00:00.0: Limiting direct PCI/PCI transfers
[    0.342454] pci 0000:00:01.0: Activating ISA DMA hang workarounds
[    0.343607] pci 0000:00:02.0: Video device with shadowed ROM at [mem 0x000c0000-0x000dffff]
[    0.345242] Unpacking initramfs...
[    0.666163] Freeing initrd memory: 20396K
[    0.667190] clocksource: tsc: mask: 0xffffffffffffffff max_cycles: 0x29dc020bb13, max_idle_ns: 440795273180 ns
[    0.669500] platform rtc_cmos: registered platform RTC device (no PNP device found)
[    0.671176] Scanning for low memory corruption every 60 seconds
[    0.673187] Initialise system trusted keyrings
[    0.674133] Key type blacklist registered
[    0.675114] workingset: timestamp_bits=36 max_order=18 bucket_order=0
[    0.677605] zbud: loaded
[    0.678902] squashfs: version 4.0 (2009/01/31) Phillip Lougher
[    0.680264] fuse init (API version 7.26)
[    0.683362] Key type asymmetric registered
[    0.684922] Asymmetric key parser 'x509' registered
[    0.686351] Block layer SCSI generic (bsg) driver version 0.4 loaded (major 246)
[    0.688387] io scheduler noop registered
[    0.690688] io scheduler deadline registered
[    0.692112] io scheduler cfq registered (default)
[    0.693780] ACPI: AC Adapter [AC] (on-line)
[    0.694863] input: Power Button as /devices/LNXSYSTM:00/LNXPWRBN:00/input/input0
[    0.696766] ACPI: Power Button [PWRF]
[    0.697891] input: Sleep Button as /devices/LNXSYSTM:00/LNXSLPBN:00/input/input1
[    0.699669] ACPI: Sleep Button [SLPF]
[    0.701952] ACPI: Battery Slot [BAT0] (battery present)
[    0.703583] Serial: 8250/16550 driver, 32 ports, IRQ sharing enabled
[    0.726382] 00:02: ttyS0 at I/O 0x3f8 (irq = 4, base_baud = 115200) is a 16550A
[    0.731342] Linux agpgart interface v0.103
[    0.733476] loop: module loaded
[    0.734679] scsi host0: ata_piix
[    0.735504] scsi host1: ata_piix
[    0.736270] ata1: PATA max UDMA/33 cmd 0x1f0 ctl 0x3f6 bmdma 0xd000 irq 14
[    0.737534] ata2: PATA max UDMA/33 cmd 0x170 ctl 0x376 bmdma 0xd008 irq 15
[    0.739177] tun: Universal TUN/TAP device driver, 1.6
[    0.740642] PPP generic driver version 2.4.2
[    0.741719] ehci_hcd: USB 2.0 'Enhanced' Host Controller (EHCI) Driver
[    0.743103] ehci-pci: EHCI PCI platform driver
[    0.744525] ehci-platform: EHCI generic platform driver
[    0.745601] ohci_hcd: USB 1.1 'Open' Host Controller (OHCI) Driver
[    0.746843] ohci-pci: OHCI PCI platform driver
[    0.747800] ohci-platform: OHCI generic platform driver
[    0.748930] uhci_hcd: USB Universal Host Controller Interface driver
[    0.750224] i8042: PNP: PS/2 Controller [PNP0303:PS2K,PNP0f03:PS2M] at 0x60,0x64 irq 1,12
[    0.752387] serio: i8042 KBD port at 0x60,0x64 irq 1
[    0.753526] serio: i8042 AUX port at 0x60,0x64 irq 12
[    0.754854] mousedev: PS/2 mouse device common for all mice
[    0.756881] rtc_cmos rtc_cmos: rtc core: registered rtc_cmos as rtc0
[    0.758591] rtc_cmos rtc_cmos: alarms up to one day, 114 bytes nvram
[    0.759912] i2c /dev entries driver
[    0.760783] input: AT Translated Set 2 keyboard as /devices/platform/i8042/serio0/input/input2
[    0.762576] device-mapper: uevent: version 1.0.3
[    0.763796] device-mapper: ioctl: 4.37.0-ioctl (2017-09-20) initialised: dm-devel@redhat.com
[    0.765642] ledtrig-cpu: registered to indicate activity on CPUs
[    0.767358] NET: Registered protocol family 10
[    0.773069] Segment Routing with IPv6
[    0.773867] NET: Registered protocol family 17
[    0.774942] Key type dns_resolver registered
[    0.776084] mce: Using 0 MCE banks
[    0.776759] RAS: Correctable Errors collector initialized.
[    0.777895] sched_clock: Marking stable (776044200, 0)->(977693673, -201649473)
[    0.780069] registered taskstats version 1
[    0.780959] Loading compiled-in X.509 certificates
[    0.784224] Loaded X.509 cert 'Build time autogenerated kernel key: cdc7189136aaa35407544516090e2034d9c28e14'
[    0.786575] Loaded X.509 cert 'Canonical Ltd. Live Patch Signing: 14df34d1a87cf37625abec039ef2bf521249b969'
[    0.788981] Loaded X.509 cert 'Canonical Ltd. Kernel Module Signing: 88f752e560a1e0737e31163a466ad7b70a850c19'
[    0.790852] blacklist: Loading compiled-in revocation X.509 certificates
[    0.792182] Loaded X.509 cert 'Canonical Ltd. Secure Boot Signing: 61482aa2830d0ab2ad5af10b7250da9033ddcef0'
[    0.794304] Loaded X.509 cert 'Canonical Ltd. Secure Boot Signing (2017): 242ade75ac4a15e50d50c84b0d45ff3eae707a03'
[    0.796399] Loaded X.509 cert 'Canonical Ltd. Secure Boot Signing (ESM 2018): 365188c1d374d6b07c3c8f240f8ef722433d6a8b'
[    0.798633] Loaded X.509 cert 'Canonical Ltd. Secure Boot Signing (2019): c0746fd6c5da3ae827864651ad66ae47fe24b3e8'
[    0.801338] Loaded X.509 cert 'Canonical Ltd. Secure Boot Signing (2021 v1): a8d54bbb3825cfb94fa13c9f8a594a195c107b8d'
[    0.804700] Loaded X.509 cert 'Canonical Ltd. Secure Boot Signing (2021 v2): 4cf046892d6fd3c9a5b03f98d845f90851dc6a8c'
[    0.807711] Loaded X.509 cert 'Canonical Ltd. Secure Boot Signing (2021 v3): 100437bb6de6e469b581e61cd66bce3ef4ed53af'
[    0.810557] Loaded X.509 cert 'Canonical Ltd. Secure Boot Signing (Ubuntu Core 2019): c1d57b8f6b743f23ee41f4f7ee292f06eecadfb9'
[    0.813507] zswap: loaded using pool lzo/zbud
[    0.818909] Key type big_key registered
[    0.820197] Key type trusted registered
[    0.823520] Key type encrypted registered
[    0.824806] AppArmor: AppArmor sha1 policy hashing enabled
[    0.826711] ima: No TPM chip found, activating TPM-bypass! (rc=-19)
[    0.828579] ima: Allocated hash algorithm: sha1
[    0.830182] evm: HMAC attrs: 0x1
[    0.831482]   Magic number: 15:83:915
[    0.832765] rtc_cmos rtc_cmos: setting system clock to 2023-07-13 02:56:16 UTC (1689216976)
[    0.835378] BIOS EDD facility v0.16 2004-Jun-25, 0 devices found
[    0.836985] EDD information not available.
[    1.125343] Freeing unused kernel image memory: 2480K
[    1.169319] Write protecting the kernel read-only data: 20480k
[    1.171486] Freeing unused kernel image memory: 2008K
[    1.172988] Freeing unused kernel image memory: 1820K
[    1.181541] x86/mm: Checked W+X mappings: passed, no W+X pages found.
[    1.182815] x86/mm: Checking user space page tables
[    1.192894] x86/mm: Checked W+X mappings: passed, no W+X pages found.
Loading, please wait...
starting version 237
[    1.297918] e1000: Intel(R) PRO/1000 Network Driver - version 7.3.21-k8-NAPI
[    1.300366] e1000: Copyright (c) 1999-2006 Intel Corporation.
[    1.304157] Fusion MPT base driver 3.04.20
[    1.305504] Copyright (c) 1999-2008 LSI Corporation
[    1.315518] Fusion MPT SPI Host driver 3.04.20
[    1.327028] AVX2 version of gcm_enc/dec engaged.
[    1.328685] AES CTR mode by8 optimization enabled
[    1.539042] input: ImExPS/2 Generic Explorer Mouse as /devices/platform/i8042/serio1/input/input4
[    1.706537] e1000 0000:00:03.0 eth0: (PCI:33MHz:32-bit) 02:3b:7b:b7:3b:2d
[    1.707868] e1000 0000:00:03.0 eth0: Intel(R) PRO/1000 Network Connection
[    1.710089] mptbase: ioc0: Initiating bringup
[    1.710410] e1000 0000:00:03.0 enp0s3: renamed from eth0
[    1.824406] ioc0: LSI53C1030 A0: Capabilities={Initiator}
[    2.066536] scsi host2: ioc0: LSI53C1030 A0, FwRev=00000000h, Ports=1, MaxQ=256, IRQ=20
[    2.236881] scsi 2:0:0:0: Direct-Access     VBOX     HARDDISK         1.0  PQ: 0 ANSI: 5
[    3.393532] scsi target2:0:0: Beginning Domain Validation
[    3.396936] scsi target2:0:0: Domain Validation skipping write tests
[    3.398107] scsi target2:0:0: Ending Domain Validation
[    3.399083] scsi target2:0:0: asynchronous
[    3.400165] scsi 2:0:1:0: Direct-Access     VBOX     HARDDISK         1.0  PQ: 0 ANSI: 5
[    3.923474] scsi target2:0:1: Beginning Domain Validation
[    3.926593] scsi target2:0:1: Domain Validation skipping write tests
[    3.927722] scsi target2:0:1: Ending Domain Validation
[    3.928744] scsi target2:0:1: asynchronous
[    3.933313] sd 2:0:0:0: Attached scsi generic sg0 type 0
[    3.934417] sd 2:0:0:0: [sda] 83886080 512-byte logical blocks: (42.9 GB/40.0 GiB)
[    3.936268] sd 2:0:1:0: Attached scsi generic sg1 type 0
[    3.936293] sd 2:0:0:0: [sda] Write Protect is off
[    3.939233] sd 2:0:1:0: [sdb] 20480 512-byte logical blocks: (10.5 MB/10.0 MiB)
[    3.940796] sd 2:0:0:0: [sda] Incomplete mode parameter data
[    3.941940] sd 2:0:0:0: [sda] Assuming drive cache: write through
[    3.943165] sd 2:0:1:0: [sdb] Write Protect is off
[    3.944355] sd 2:0:1:0: [sdb] Incomplete mode parameter data
[    3.945509] sd 2:0:1:0: [sdb] Assuming drive cache: write through
[    3.948530]  sda: sda1
[    3.950776] sd 2:0:0:0: [sda] Attached SCSI disk
[    3.951990] sd 2:0:1:0: [sdb] Attached SCSI disk
Begin: Loading essential drivers ... [    5.520048] raid6: sse2x1   gen()  8751 MB/s
[    5.568082] raid6: sse2x1   xor()  8689 MB/s
[    5.616078] raid6: sse2x2   gen() 14676 MB/s
[    5.664064] raid6: sse2x2   xor()  9638 MB/s
[    5.712065] raid6: sse2x4   gen() 14996 MB/s
[    5.760038] raid6: sse2x4   xor()  9728 MB/s
[    5.808066] raid6: avx2x1   gen() 23324 MB/s
[    5.856063] raid6: avx2x1   xor() 14303 MB/s
[    5.904064] raid6: avx2x2   gen() 28378 MB/s
[    5.952037] raid6: avx2x2   xor() 17972 MB/s
[    6.000064] raid6: avx2x4   gen() 33233 MB/s
[    6.048048] raid6: avx2x4   xor() 18218 MB/s
[    6.049785] raid6: using algorithm avx2x4 gen() 33233 MB/s
[    6.050798] raid6: .... xor() 18218 MB/s, rmw enabled
[    6.051798] raid6: using avx2x2 recovery algorithm
[    6.053609] xor: automatically using best checksumming function   avx       
[    6.055817] async_tx: api initialized (async)
done.
Begin: Running /scripts/init-premount ... done.
Begin: Mounting root file system ... Begin: Running /scripts/local-top ... done.
Begin: Running /scripts/local-premount ... [    6.103937] Btrfs loaded, crc32c=crc32c-intel
Scanning for Btrfs filesystems
done.
Begin: Will now check root file system ... fsck from util-linux 2.31.1
[/sbin/fsck.ext4 (1) -- /dev/sda1] fsck.ext4 -a -C0 /dev/sda1 
cloudimg-rootfs: clean, 156720/5120000 files, 996019/10485499 blocks
done.
[    6.145972] EXT4-fs (sda1): mounted filesystem with ordered data mode. Opts: (null)
done.
Begin: Running /scripts/local-bottom ... done.
Begin: Running /scripts/init-bottom ... done.
[    6.311187] ip_tables: (C) 2000-2006 Netfilter Core Team
[    6.322825] systemd[1]: systemd 237 running in system mode. (+PAM +AUDIT +SELINUX +IMA +APPARMOR +SMACK +SYSVINIT +UTMP +LIBCRYPTSETUP +GCRYPT +GNUTLS +ACL +XZ +LZ4 +SECCOMP +BLKID +ELFUTILS +KMOD -IDN2 +IDN -PCRE2 default-hierarchy=hybrid)
[    6.328743] systemd[1]: Detected virtualization oracle.
[    6.330354] systemd[1]: Detected architecture x86-64.

Welcome to [1mUbuntu 18.04.6 LTS[0m!

[    6.337346] systemd[1]: Set hostname to <ubuntu-bionic>.
[    6.614011] systemd[1]: Started Forward Password Requests to Wall Directory Watch.
[[0;32m  OK  [0m] Started Forward Password Requests to Wall Directory Watch.
[    6.616766] systemd[1]: Set up automount Arbitrary Executable File Formats File System Automount Point.
[[0;32m  OK  [0m] Set up automount Arbitrary Executab…rmats File System Automount Point.
[    6.619419] systemd[1]: Reached target System Time Synchronized.
[[0;32m  OK  [0m] Reached target System Time Synchronized.
[    6.632946] systemd[1]: Reached target User and Group Name Lookups.
[[0;32m  OK  [0m] Reached target User and Group Name Lookups.
[    6.685637] systemd[1]: Created slice User and Session Slice.
[[0;32m  OK  [0m] Created slice User and Session Slice.
[    6.688461] systemd[1]: Reached target Swap.
[[0;32m  OK  [0m] Reached target Swap.
[[0;32m  OK  [0m] Created slice System Slice.
[[0;32m  OK  [0m] Listening on Syslog Socket.
[[0;32m  OK  [0m] Listening on Device-mapper event daemon FIFOs.
[[0;32m  OK  [0m] Listening on udev Kernel Socket.
[[0;32m  OK  [0m] Listening on Journal Socket.
         Starting Uncomplicated firewall...
         Starting Create list of required st…ce nodes for the current kernel...
[[0;32m  OK  [0m] Created slice system-serial\x2dgetty.slice.
         Starting Set the console keyboard layout...
[[0;32m  OK  [0m] Listening on Journal Audit Socket.
[[0;32m  OK  [0m] Listening on LVM2 poll daemon socket.
         Mounting Kernel Debug File System...
[[0;32m  OK  [0m] Listening on fsck to fsckd communication Socket.
         Starting Remount Root and Kernel File Systems...
[[0;32m  OK  [0m] Reached target Slices.
         Mounting POSIX Message Queue File System...
[[0;32m  OK  [0m] Listening on Journal Socket (/dev/log).
[[0;32m  OK  [0m] Listening on Network Service Netlink Socket.
[[0;32m  OK  [0m] Listening on udev Control Socket.
         Starting Journal Service...
[[0;32m  OK  [0m] Listening on LVM2 metadata daemon socket.
         Starting Monitoring of LVM2 mirrors…ng dmeventd or progress polling...
[[0;32m  OK  [0m] Reached target Mounting snaps.
[[0;32m  OK  [0m] Reached target Mounted snaps.
[    7.210322] EXT4-fs (sda1): re-mounted. Opts: (null)
[[0;32m  OK  [0m] Listening on /dev/initctl Compatibility Named Pipe.
         Starting udev Coldplug all Devices...
[[0;32m  OK  [0m] Created slice system-postgresql.slice.
         Starting Load Kernel Modules...
         Mounting Huge Pages File System...
[[0;32m  OK  [0m] Started Uncomplicated firewall.
[[0;32m  OK  [0m] Started Create list of required sta…vice nodes for the current kernel.
[[0;32m  OK  [0m] Mounted Kernel Debug File System.
[[0;32m  OK  [0m] Started Remount Root and Kernel File Systems.
[[0;32m  OK  [0m] Mounted POSIX Message Queue File System.
[[0;32m  OK  [0m] Mounted Huge Pages File System.
[[0;32m  OK  [0m] Started LVM2 metadata daemon.
         Starting Load/Save Random Seed...
         Starting Create Static Device Nodes in /dev...
[[0;32m  OK  [0m] Started Load/Save Random Seed.
[[0;32m  OK  [0m] Started Journal Service.
         Starting Flush Journal to Persistent Storage...
[[0;32m  OK  [0m] Started Monitoring of LVM2 mirrors,…sing dmeventd or progress polling.
[    7.324672] Loading iSCSI transport class v2.0-870.
[[0;32m  OK  [0m] Started udev Coldplug all Devices.
[    7.352993] systemd-journald[439]: Received request to flush runtime journal from PID 1
[[0;32m  OK  [0m] Started Set the console keyboard layout.
[    7.362259] iscsi: registered transport (tcp)
[    7.376279] iscsi: registered transport (iser)
[[0;32m  OK  [0m] Started Load Kernel Modules.
         Mounting Kernel Configuration File System...
         Mounting FUSE Control File System...
         Starting Apply Kernel Variables...
[[0;32m  OK  [0m] Mounted Kernel Configuration File System.
[[0;32m  OK  [0m] Mounted FUSE Control File System.
[[0;32m  OK  [0m] Started Create Static Device Nodes in /dev.
         Starting udev Kernel Device Manager...
[[0;32m  OK  [0m] Reached target Local File Systems (Pre).
[[0;32m  OK  [0m] Reached target Local File Systems.
         Starting Set console font and keymap...
         Starting AppArmor initialization...
         Starting Tell Plymouth To Write Out Runtime Data...
         Starting ebtables ruleset management...
[[0;32m  OK  [0m] Started udev Kernel Device Manager.
[[0;32m  OK  [0m] Started Dispatch Password Requests to Console Directory Watch.
[[0;32m  OK  [0m] Reached target Local Encrypted Volumes.
[[0;32m  OK  [0m] Started Set console font and keymap.
[[0;32m  OK  [0m] Started Tell Plymouth To Write Out Runtime Data.
[[0;32m  OK  [0m] Started Apply Kernel Variables.
[[0;32m  OK  [0m] Started ebtables ruleset management.
[[0;32m  OK  [0m] Started Flush Journal to Persistent Storage.
         Starting Create Volatile Files and Directories...
[[0;32m  OK  [0m] Started Create Volatile Files and Directories.
         Starting Update UTMP about System Boot/Shutdown...
[[0;32m  OK  [0m] Started Update UTMP about System Boot/Shutdown.
[[0;32m  OK  [0m] Started AppArmor initialization.
         Starting Initial cloud-init job (pre-networking)...
         Starting Load AppArmor profiles managed internally by snapd...
[[0;32m  OK  [0m] Found device /dev/ttyS0.
         Mounting Arbitrary Executable File Formats File System...
[[0;32m  OK  [0m] Listening on Load/Save RF Kill Switch Status /dev/rfkill Watch.
[[0;32m  OK  [0m] Mounted Arbitrary Executable File Formats File System.
[[0;32m  OK  [0m] Started Load AppArmor profiles managed internally by snapd.
[    9.295693] cloud-init[550]: Cloud-init v. 23.1.2-0ubuntu0~18.04.1 running 'init-local' at Thu, 13 Jul 2023 02:56:24 +0000. Up 9.06 seconds.
[[0;32m  OK  [0m] Started Initial cloud-init job (pre-networking).
[[0;32m  OK  [0m] Reached target Network (Pre).
         Starting Network Service...
[[0;32m  OK  [0m] Started Network Service.
         Starting Network Name Resolution...
         Starting Wait for Network to be Configured...
[[0;32m  OK  [0m] Started Network Name Resolution.
[[0;32m  OK  [0m] Reached target Host and Network Name Lookups.
[[0;32m  OK  [0m] Reached target Network.
[[0;32m  OK  [0m] Started Wait for Network to be Configured.
         Starting Initial cloud-init job (metadata service crawler)...
[   11.427725] cloud-init[692]: Cloud-init v. 23.1.2-0ubuntu0~18.04.1 running 'init' at Thu, 13 Jul 2023 02:56:26 +0000. Up 11.21 seconds.
[   11.430419] cloud-init[692]: ci-info: ++++++++++++++++++++++++++++++++++++++Net device info++++++++++++++++++++++++++++++++++++++
[   11.432907] cloud-init[692]: ci-info: +--------+------+----------------------------+---------------+--------+-------------------+
[   11.435128] cloud-init[692]: ci-info: | Device |  Up  |          Address           |      Mask     | Scope  |     Hw-Address    |
[   11.436615] cloud-init[692]: ci-info: +--------+------+----------------------------+---------------+--------+-------------------+
[   11.438800] cloud-init[692]: ci-info: | enp0s3 | True |         10.0.2.15          | 255.255.255.0 | global | 02:3b:7b:b7:3b:2d |
[   11.440687] cloud-init[692]: ci-info: | enp0s3 | True | fe80::3b:7bff:feb7:3b2d/64 |       .       |  link  | 02:3b:7b:b7:3b:2d |
[   11.442404] cloud-init[692]: ci-info: |   lo   | True |         127.0.0.1          |   255.0.0.0   |  host  |         .         |
[   11.443814] cloud-init[692]: ci-info: |   lo   | True |          ::1/128           |       .       |  host  |         .         |
[   11.456877] cloud-init[692]: ci-info: +--------+------+----------------------------+---------------+--------+-------------------+
[   11.459550] cloud-init[692]: ci-info: ++++++++++++++++++++++++++++Route IPv4 info+++++++++++++++++++++++++++++
[   11.461508] cloud-init[692]: ci-info: +-------+-------------+----------+-----------------+-----------+-------+
[   11.463797] cloud-init[692]: ci-info: | Route | Destination | Gateway  |     Genmask     | Interface | Flags |
[   11.466796] cloud-init[692]: ci-info: +-------+-------------+----------+-----------------+-----------+-------+
[   11.469004] cloud-init[692]: ci-info: |   0   |   0.0.0.0   | 10.0.2.2 |     0.0.0.0     |   enp0s3  |   UG  |
[   11.470004] cloud-init[692]: ci-info: |   1   |   10.0.2.0  | 0.0.0.0  |  255.255.255.0  |   enp0s3  |   U   |
[   11.480292] cloud-init[692]: ci-info: |   2   |   10.0.2.2  | 0.0.0.0  | 255.255.255.255 |   enp0s3  |   UH  |
[   11.482283] cloud-init[692]: ci-info: +-------+-------------+----------+-----------------+-----------+-------+
[   11.484550] cloud-init[692]: ci-info: +++++++++++++++++++Route IPv6 info+++++++++++++++++++
[   11.496463] cloud-init[692]: ci-info: +-------+-------------+---------+-----------+-------+
[   11.498009] cloud-init[692]: ci-info: | Route | Destination | Gateway | Interface | Flags |
[   11.499184] cloud-init[692]: ci-info: +-------+-------------+---------+-----------+-------+
[   11.508798] cloud-init[692]: ci-info: |   1   |  fe80::/64  |    ::   |   enp0s3  |   U   |
[   11.509868] cloud-init[692]: ci-info: |   3   |    local    |    ::   |   enp0s3  |   U   |
[   11.510760] cloud-init[692]: ci-info: |   4   |   ff00::/8  |    ::   |   enp0s3  |   U   |
[   11.511830] cloud-init[692]: ci-info: +-------+-------------+---------+-----------+-------+
[[0;32m  OK  [0m] Started Initial cloud-init job (metadata service crawler).
[[0;32m  OK  [0m] Reached target Network is Online.
         Starting Availability of block devices...
[[0;32m  OK  [0m] Reached target Remote File Systems (Pre).
         Mounting /vagrant...
[[0;32m  OK  [0m] Reached target Cloud-config availability.
[[0;32m  OK  [0m] Reached target System Initialization.
[[0;32m  OK  [0m] Listening on ACPID Listen Socket.
[[0;32m  OK  [0m] Listening on cloud-init hotplug hook socket.
[[0;32m  OK  [0m] Started Discard unused blocks once a week.
         Starting Socket activation for snappy daemon.
[[0;32m  OK  [0m] Listening on D-Bus System Message Bus Socket.
         Starting LXD - unix socket.
[[0;32m  OK  [0m] Started Daily apt download activities.
[[0;32m  OK  [0m] Started Ubuntu Advantage Timer for running repeated jobs.
[[0;32m  OK  [0m] Started ACPI Events Check.
[[0;32m  OK  [0m] Reached target Paths.
[[0;32m  OK  [0m] Started Daily Cleanup of Temporary Directories.
[[0;32m  OK  [0m] Started Daily apt upgrade and clean activities.
[[0;32m  OK  [0m] Started Message of the Day.
[[0;32m  OK  [0m] Reached target Timers.
[[0;32m  OK  [0m] Listening on UUID daemon activation socket.
[[0;32m  OK  [0m] Listening on Open-iSCSI iscsid Socket.
[[0;32m  OK  [0m] Started Availability of block devices.
[[0;32m  OK  [0m] Listening on Socket activation for snappy daemon.
[[0;32m  OK  [0m] Mounted /vagrant.
[[0;32m  OK  [0m] Listening on LXD - unix socket.
[[0;32m  OK  [0m] Reached target Remote File Systems.
[[0;32m  OK  [0m] Reached target Sockets.
[[0;32m  OK  [0m] Reached target Basic System.
         Starting Accounts Service...
[[0;32m  OK  [0m] Started Deferred execution scheduler.
[[0;32m  OK  [0m] Started irqbalance daemon.
         Starting Login Service...
         Starting System Logging Service...
         Starting Message of the Day...
[[0;32m  OK  [0m] Started D-Bus System Message Bus.
         Starting Permit User Sessions...
[[0;32m  OK  [0m] Started FUSE filesystem for LXC.
[[0;32m  OK  [0m] Reached target Login Prompts (Pre).
         Starting OpenBSD Secure Shell server...
         Starting LSB: automatic crash report generation...
         Starting LXD - container startup/shutdown...
         Starting PostgreSQL Cluster 10-main...
         Starting Virtualbox guest utils...
[[0;32m  OK  [0m] Started Regular background program processing daemon.
         Starting Dispatcher daemon for systemd-networkd...
         Starting LSB: Record successful boot for GRUB...
         Starting Resets System Activity Data Collector...
         Starting Snap Daemon...
[[0;32m  OK  [0m] Started System Logging Service.
[[0;32m  OK  [0m] Started Permit User Sessions.
[[0;32m  OK  [0m] Started Resets System Activity Data Collector.
[[0;32m  OK  [0m] Started OpenBSD Secure Shell server.
[[0;32m  OK  [0m] Started Login Service.
[[0;32m  OK  [0m] Started Unattended Upgrades Shutdown.
         Starting Authorization Manager...
         Starting Hold until boot process finishes up...
         Starting Terminate Plymouth Boot Screen...
[[0;32m  OK  [0m] Started Hold until boot process finishes up.
         Starting Set console scheme...
[[0;32m  OK  [0m] Started Serial Getty on ttyS0.
[[0;32m  OK  [0m] Started Terminate Plymouth Boot Screen.
[[0;32m  OK  [0m] Started LSB: automatic crash report generation.
[[0;32m  OK  [0m] Started Set console scheme.
[[0;32m  OK  [0m] Created slice system-getty.slice.
[[0;32m  OK  [0m] Started Getty on tty1.
[[0;32m  OK  [0m] Reached target Login Prompts.
[[0;32m  OK  [0m] Started LSB: Record successful boot for GRUB.
[[0;32m  OK  [0m] Started Authorization Manager.
[[0;32m  OK  [0m] Started Accounts Service.
[[0;32m  OK  [0m] Started Virtualbox guest utils.
[[0;32m  OK  [0m] Started LXD - container startup/shutdown.
[[0;32m  OK  [0m] Created slice User Slice of vagrant.
         Starting User Manager for UID 1000...
[[0;32m  OK  [0m] Started Session 1 of user vagrant.
[[0;32m  OK  [0m] Started Dispatcher daemon for systemd-networkd.
[[0;32m  OK  [0m] Started User Manager for UID 1000.
[[0;32m  OK  [0m] Started Snap Daemon.
         Starting Wait until snapd is fully seeded...
         Starting Time & Date Service...
[[0;32m  OK  [0m] Started Time & Date Service.
[[0;32m  OK  [0m] Started Wait until snapd is fully seeded.
         Starting Apply the settings specified in cloud-config...
[[0;32m  OK  [0m] Started Message of the Day.
[   14.739498] cloud-init[1212]: Cloud-init v. 23.1.2-0ubuntu0~18.04.1 running 'modules:config' at Thu, 13 Jul 2023 02:56:30 +0000. Up 14.52 seconds.
[[0;32m  OK  [0m] Started Apply the settings specified in cloud-config.
[[0;32m  OK  [0m] Started PostgreSQL Cluster 10-main.
         Starting PostgreSQL RDBMS...
[[0;32m  OK  [0m] Started PostgreSQL RDBMS.
[[0;32m  OK  [0m] Reached target Multi-User System.
         Starting Execute cloud user/final scripts...
[[0;32m  OK  [0m] Reached target Graphical Interface.
         Starting Update UTMP about System Runlevel Changes...
[[0;32m  OK  [0m] Started Update UTMP about System Runlevel Changes.
[   16.494185] cloud-init[1375]: Cloud-init v. 23.1.2-0ubuntu0~18.04.1 running 'modules:final' at Thu, 13 Jul 2023 02:56:31 +0000. Up 16.28 seconds.
[   16.496343] cloud-init[1375]: Cloud-init v. 23.1.2-0ubuntu0~18.04.1 finished at Thu, 13 Jul 2023 02:56:32 +0000. Datasource DataSourceNoCloud [seed=/dev/sdb][dsmode=net].  Up 16.48 seconds
[[0;32m  OK  [0m] Started Execute cloud user/final scripts.
[[0;32m  OK  [0m] Reached target Cloud-init target.

Ubuntu 18.04.6 LTS ubuntu-bionic ttyS0

ubuntu-bionic login:          Stopping Authorization Manager...
         Stopping Availability of block devices...
[[0;32m  OK  [0m] Stopped target Cloud-init target.
[[0;32m  OK  [0m] Stopped Execute cloud user/final scripts.
         Stopping Session 3 of user vagrant.
         Stopping User Manager for UID 1000...
[[0;32m  OK  [0m] Stopped target Timers.
[[0;32m  OK  [0m] Stopped Ubuntu Advantage Timer for running repeated jobs.
[[0;32m  OK  [0m] Stopped Daily apt upgrade and clean activities.
[[0;32m  OK  [0m] Stopped Discard unused blocks once a week.
[[0;32m  OK  [0m] Stopped Message of the Day.
         Stopping Session 16 of user vagrant.
[[0;32m  OK  [0m] Stopped target Graphical Interface.
[[0;32m  OK  [0m] Stopped target Multi-User System.
         Stopping Dispatcher daemon for systemd-networkd...
[[0;32m  OK  [0m] Stopped Resets System Activity Data Collector.
         Stopping Deferred execution scheduler...
         Stopping Virtualbox guest utils...
         Stopping LSB: Record successful boot for GRUB...
         Stopping System Logging Service...
[[0;32m  OK  [0m] Stopped PostgreSQL RDBMS.
         Stopping PostgreSQL Cluster 10-main...
         Stopping irqbalance daemon...
         Stopping LXD - container startup/shutdown...
         Stopping LSB: automatic crash report generation...
[[0;32m  OK  [0m] Stopped Daily Cleanup of Temporary Directories.
[[0;32m  OK  [0m] Stopped target Host and Network Name Lookups.
[[0;32m  OK  [0m] Stopped Apply the settings specified in cloud-config.
[[0;32m  OK  [0m] Stopped target Cloud-config availability.
[[0;32m  OK  [0m] Stopped Wait until snapd is fully seeded.
         Stopping Regular background program processing daemon...
[[0;32m  OK  [0m] Closed Load/Save RF Kill Switch Status /dev/rfkill Watch.
[[0;32m  OK  [0m] Stopped Daily apt download activities.
[[0;32m  OK  [0m] Stopped target System Time Synchronized.
         Stopping D-Bus System Message Bus...
         Stopping Accounts Se         Stopping Serial Getty on ttyS0...
         Stopping FUSE filesystem for LXC...
         Stopping OpenBSD Secure Shell server...
[[0;32m  OK  [0m] Unmounted /var/lib/lxcfs.
[[0;32m  OK  [0m] Stopped Deferred execution scheduler.
[[0;32m  OK  [0m] Stopped irqbalance daemon.
[[0;32m  OK  [0m] Stopped System Logging Service.
[[0;32m  OK  [0m] Stopped Regular background program processing daemon.
[[0;32m  OK  [0m] Stopped Accounts Service.
[[0;32m  OK  [0m] Stopped Dispatcher daemon for systemd-networkd.
[[0;32m  OK  [0m] Stopped OpenBSD Secure Shell server.
[[0;32m  OK  [0m] Stopped Authorization Manager.
[[0;32m  OK  [0m] Stopped Serial Getty on ttyS0.
[[0;32m  OK  [0m] Stopped Getty on tty1.
[[0;32m  OK  [0m] Stopped User Manager for UID 1000.
[[0;32m  OK  [0m] Stopped D-Bus System Message Bus.
[[0;32m  OK  [0m] Stopped Session 3 of user vagrant.
[[0;32m  OK  [0m] Stopped FUSE filesystem for LXC.
[[0;32m  OK  [0m] Stopped Session 16 of user vagrant.
[[0;32m  OK  [0m] Removed slice User Slice of vagrant.
         Stopping Login Service...
[[0;32m  OK  [0m] Removed slice system-getty.slice.
[[0;32m  OK  [0m] Removed slice system-serial\x2dgetty.slice.
         Stopping Permit User Sessions...
[[0;32m  OK  [0m] Stopped target Login Prompts (Pre).
[[0;32m  OK  [0m] Stopped LXD - container startup/shutdown.
[[0;32m  OK  [0m] Stopped LSB: automatic crash report generation.
[[0;32m  OK  [0m] Stopped Availability of block devices.
[[0;32m  OK  [0m] Stopped LSB: Record successful boot for GRUB.
[[0;32m  OK  [0m] Stopped Permit User Sessions.
[[0;32m  OK  [0m] Stopped target Remote File Systems.
         Unmounting /vagrant...
[[0;32m  OK  [0m] Unmounted /vagrant.
[[0;32m  OK  [0m] Stopped target Network is Online.
[[0;32m  OK  [0m] Stopped target Network.
         Stopping Network Name Resolution...
[[0;32m  OK  [0m] Stopped target Remote File Systems (Pre).
[[0;32m  OK  [0m] Stopped Virtualbox guest utils.
[[0;32m  OK  [0m] Stopped Login Service.
[[0;32m  OK  [0m] Stopped target User and Group Name Lookups.
[[0;32m  OK  [0m] Stopped Network Name Resolution.
[[0;32m  OK  [0m] Stopped PostgreSQL Cluster 10-main.
[[0;32m  OK  [0m] Removed slice system-postgresql.slice.
[[0;32m  OK  [0m] Stopped target Basic System.
[[0;32m  OK  [0m] Stopped target Sockets.
[[0;32m  OK  [0m] Closed D-Bus System Message Bus Socket.
[[0;32m  OK  [0m] Closed ACPID Listen Socket.
[[0;32m  OK  [0m] Closed Syslog Socket.
[[0;32m  OK  [0m] Closed LXD - unix socket.
[[0;32m  OK  [0m] Closed Socket activation for snappy daemon.
[[0;32m  OK  [0m] Closed cloud-init hotplug hook socket.
[[0;32m  OK  [0m] Closed UUID daemon activation socket.
[[0;32m  OK  [0m] Closed Open-iSCSI iscsid Socket.
[[0;32m  OK  [0m] Stopped target Paths.
[[0;32m  OK  [0m] Stopped ACPI Events Check.
[[0;32m  OK  [0m] Stopped target Slices.
[[0;32m  OK  [0m] Removed slice User and Session Slice.
[[0;32m  OK  [0m] Stopped target System Initialization.
[[0;32m  OK  [0m] Stopped target Local Encrypted Volumes.
[[0;32m  OK  [0m] Stopped Forward Password Requests to Wall Directory Watch.
[[0;32m  OK  [0m] Stopped Dispatch Password Requests to Console Directory Watch.
[[0;32m  OK  [0m] Stopped Initial cloud-init job (metadata service crawler).
[[0;32m  OK  [0m] Stopped Wait for Network to be Configured.
         Stopping Network Service...
         Stopping Load/Save Random Seed...
         Stopping Update UTMP about System Boot/Shutdown...
[[0;32m  OK  [0m] Stopped Load/Save Random Seed.
[[0;32m  OK  [0m] Stopped Update UTMP about System Boot/Shutdown.
[[0;32m  OK  [0m] Stopped Create Volatile Files and Directories.
[[0;32m  OK  [0m] Stopped target Local File Systems.
[[0;32m  OK  [0m] Stopped target Mounted snaps.
[[0;32m  OK  [0m] Stopped target Mounting snaps.
         Unmounting /run/user/1000...
[[0;32m  OK  [0m] Stopped Network Service.
[[0;32m  OK  [0m] Stopped Apply Kernel Variables.
[[0;32m  OK  [0m] Stopped Load Kernel Modules.
[[0;32m  OK  [0m] Stopped target Network (Pre).
[[0;32m  OK  [0m] Stopped Initial cloud-init job (pre-networking).
[[0;32m  OK  [0m] Unmounted /run/user/1000.
[[0;32m  OK  [0m] Reached target Unmount All Filesystems.
[[0;32m  OK  [0m] Stopped target Swap.
[[0;32m  OK  [0m] Stopped target Local File Systems (Pre).
         Stopping Monitoring of LVM2 mirrors…ng dmeventd or progress polling...
[[0;32m  OK  [0m] Stopped Remount Root and Kernel File Systems.
[[0;32m  OK  [0m] Stopped Create Static Device Nodes in /dev.
[[0;32m  OK  [0m] Reached target Shutdown.
[[0;32m  OK  [0m] Reached target Final Step.
         Starting Power-Off...
[[0;32m  OK  [0m] Stopped Monitoring of LVM2 mirrors,…sing dmeventd or progress polling.
         Stopping LVM2 metadata daemon...
[ 5277.119323] reboot: Power down
